[2026-04-07 14:14:59] [info] Start Program:
Path:"D:\Work\C++ Structuri de date si algoritmi\Proiect_lab_4\x64\Debug\Proiect_lab_4.exe"
Arguments:
Working directory: "D:\Work\C++ Structuri de date si algoritmi\Proiect_lab_4\Proiect_lab_4\"
Modules: Selected: D:\Work\C++ Structuri de date si algoritmi\Proiect_lab_4\x64\Debug\Proiect_lab_4.exe Excluded: 
Sources: Selected: D:\Work\C++ Structuri de date si algoritmi\Proiect_lab_4\Proiect_lab_4 Excluded: 
Log Level: Normal
Cover Children: 0
Aggregate by file: 1
Continue after C++ exception: 0
Optimized build support: 0
Export: Binary C:\Users\Snek\AppData\Local\Temp\jhlps4wc.aqe 
Input coverage: 
Unified diff: 
Excluded line regular expressions: 
Substitute pdb source paths: 

[2026-04-07 14:14:59] [info] Module: D:\Work\C++ Structuri de date si algoritmi\Proiect_lab_4\x64\Debug\Proiect_lab_4.exe is selected because it matches selected pattern: D:\Work\C++ Structuri de date si algoritmi\Proiect_lab_4\x64\Debug\Proiect_lab_4.exe
[2026-04-07 14:14:59] [info] ----------------------------------------------------
[2026-04-07 14:14:59] [info] Coverage binary generated in file: C:\Users\Snek\AppData\Local\Temp\jhlps4wc.aqe
[2026-04-07 14:14:59] [info] ----------------------------------------------------
